<?xml version="1.0" encoding="utf-8"?>
<shfbBuild product="Sandcastle Help File Builder and Tools" version="2023.7.8.0" projectFile="D:\file\program\zhyhub\c\Zhy.Components\Zhy.Components.Tree\Doc\Zhy.Components.Tree.shfbproj" started="2024/2/22 10:28:48">
<buildStep step="Initializing">
The Sandcastle tools are located in &#39;D:\software\EWSoftware\Sandcastle Help File Builder&#39;
Locating components in the following folder(s):
    D:\file\program\zhyhub\c\Zhy.Components\Zhy.Components.Tree\Doc
    C:\ProgramData\EWSoftware\Sandcastle Help File Builder\Components and Plug-Ins
    D:\software\EWSoftware\Sandcastle Help File Builder\Components
Using framework reflection data for &#39;.NET Framework 4.8&#39; located in &#39;D:\software\EWSoftware\Sandcastle Help File Builder\Data\.NETFramework&#39;
Using presentation style &#39;VS2013&#39; located in &#39;D:\software\EWSoftware\Sandcastle Help File Builder\Components\VS2013&#39;
Found HTML Help 1 compiler in &#39;D:\software\HTML Help Workshop\&#39;
Loading and initializing plug-ins...
Lightweight Website Style Version 2023.7.8.0
Copyright &#169; 2006-2023, Eric Woodruff, All Rights Reserved
Portions Copyright &#169; 2014, Sam Harwell, All Rights Reserved
</buildStep>
<buildStep step="ValidatingDocumentationSources">
Validating and copying documentation source information
Source: D:\file\program\zhyhub\c\Zhy.Components\Zhy.Components.Tree\Zhy.Components.Tree\bin\Debug\net48\Zhy.Components.Tree.dll
    Found assembly &#39;D:\file\program\zhyhub\c\Zhy.Components\Zhy.Components.Tree\Zhy.Components.Tree\bin\Debug\net48\Zhy.Components.Tree.dll&#39;
Source: D:\file\program\zhyhub\c\Zhy.Components\Zhy.Components.Tree\Zhy.Components.Tree\bin\Debug\net48\Zhy.Components.Tree.xml

Copying XML comments files
    D:\file\program\zhyhub\c\Zhy.Components\Zhy.Components.Tree\Zhy.Components.Tree\bin\Debug\net48\Zhy.Components.Tree.xml -&gt; D:\file\program\zhyhub\c\Zhy.Components\Zhy.Components.Tree\Doc\Help\CHM\Working\Zhy.Components.Tree.xml
</buildStep>
<buildStep step="GenerateSharedContent">
Generating shared content files (zh-CN, 中文(简体，中国))...
<plugIn name="Lightweight Website Style" behavior="After" priority="1000">
</plugIn>    Last step completed in 00:00:00.0080
</buildStep>
<buildStep step="GenerateApiFilter">
Generating API filter for MRefBuilder...
    Last step completed in 00:00:00.0050
</buildStep>
<buildStep step="GenerateReflectionInfo">
Generating reflection information...
[D:\software\Microsoft Visual Studio\2022\Professional\MSBuild\Current\Bin\amd64\MSBuild.exe - GenerateRefInfo-99f7bdd5-1abb-4049-a53f-5b3967bcb01d.proj]
生成启动时间为 2024/2/22 10:28:49。

节点 1 上的项目“D:\file\program\zhyhub\c\Zhy.Components\Zhy.Components.Tree\Doc\Help\CHM\Working\GenerateRefInfo-99f7bdd5-1abb-4049-a53f-5b3967bcb01d.proj”(默认目标)。
PrepareForBuild:
  正在创建目录“obj\Debug\”。
GenerateRefInfo:
  Microsoft.Build (v17.8.3+195e7f5a3a8e51c37d83cd9e54cb99dc3fc69c22)
  ? Microsoft Corporation. All rights reserved.
  No source code context base path specified.  Source context information is unavailable.
  Loaded 1 assemblies for reflection and 1 dependency assemblies.
  Wrote information on 1 namespaces, 7 types, and 34 members
  Merging duplicate type and member information
  Merged 0 duplicate type(s) and 0 duplicate member(s)
已完成生成项目“D:\file\program\zhyhub\c\Zhy.Components\Zhy.Components.Tree\Doc\Help\CHM\Working\GenerateRefInfo-99f7bdd5-1abb-4049-a53f-5b3967bcb01d.proj”(默认目标)的操作。
    Last step completed in 00:00:01.9960
</buildStep>
<buildStep step="ApplyDocumentModel">
Applying document model to reflection output...
    Last step completed in 00:00:00.0369
</buildStep>
<buildStep step="AddNamespaceGroups">
Adding namespace group entries...
Added 0 namespace group entries
    Last step completed in 00:00:00.0120
</buildStep>
<buildStep step="AddApiTopicFilenames">
Adding topic filenames to API members...
    Unique name M_Zhy_Components_Tree_TreeExtension_SafeTraversal__1_1 generated for M:Zhy.Components.Tree.TreeExtension.SafeTraversal``1(Zhy.Components.Tree.ITree{``0},System.Action{``0})
    Unique name M_Zhy_Components_Tree_TreeExtension_SafeTraversal__2_1 generated for M:Zhy.Components.Tree.TreeExtension.SafeTraversal``2(Zhy.Components.Tree.ITree{``0,``1},System.Action{``1})
    Unique name M_Zhy_Components_Tree_TreeExtension_Search__1_1 generated for M:Zhy.Components.Tree.TreeExtension.Search``1(Zhy.Components.Tree.ITree{``0},System.Func{``0,System.Boolean},System.Boolean)
    Unique name M_Zhy_Components_Tree_TreeExtension_Search__2_1 generated for M:Zhy.Components.Tree.TreeExtension.Search``2(Zhy.Components.Tree.ITree{``0,``1},System.Func{``1,System.Boolean},System.Boolean)
    Unique name M_Zhy_Components_Tree_TreeExtension_Traversal__1_1 generated for M:Zhy.Components.Tree.TreeExtension.Traversal``1(Zhy.Components.Tree.ITree{``0},System.Action{``0})
    Unique name M_Zhy_Components_Tree_TreeExtension_Traversal__2_1 generated for M:Zhy.Components.Tree.TreeExtension.Traversal``2(Zhy.Components.Tree.ITree{``0,``1},System.Action{``1})
    Last step completed in 00:00:00.0064
</buildStep>
<buildStep step="GenerateApiTopicManifest">
Generating API topic manifest...
    Last step completed in 00:00:00.0092
</buildStep>
<buildStep step="GenerateNamespaceSummaries">
Generating namespace summary information...
    Last step completed in 00:00:00.0160
</buildStep>
<buildStep step="CopyAdditionalContent">
Copying additional content files...
No additional content to copy
    Last step completed in 00:00:00.0020
</buildStep>
<buildStep step="MergeTablesOfContents">
Merging conceptual and additional tables of contents...
    Last step completed in 00:00:00.0000
</buildStep>
<buildStep step="GenerateIntermediateTableOfContents">
Generating intermediate table of contents file for API content...
Generating conceptual content intermediate TOC file...
    Last step completed in 00:00:00.0140
</buildStep>
<buildStep step="CreateBuildAssemblerConfigs">
Creating Sandcastle configuration files...
    Last step completed in 00:00:00.1027
</buildStep>
<buildStep step="CombiningIntermediateTocFiles">
Combining conceptual and API intermediate TOC files...
    Last step completed in 00:00:00.0249
</buildStep>
<buildStep step="MergeCustomConfigs">
Merging custom build component configurations
D:\file\program\zhyhub\c\Zhy.Components\Zhy.Components.Tree\Doc\Help\CHM\Working\BuildAssembler.config
  Updating reference topic configurations.
  No conceptual content.  Removing conceptual content components.
    Last step completed in 00:00:00.0254
</buildStep>
<buildStep step="BuildTopics">
Building help topics...
Loading configuration...
Processing topics...
Processed 58 topic(s)
CopyFromIndexComponent: &quot;reflection&quot; in-memory cache entries used: 4 of 15.
CopyFromIndexComponent: &quot;comments&quot; in-memory cache entries used: 1 of 30.
ResolveReferenceLinksComponent: 1 entries added to the member ID URL cache.  New cache size: 554 entries
    Last step completed in 00:00:03.5320
</buildStep>
<buildStep step="ExtractingHtmlInfo">
Extracting HTML info for HTML Help 1 and/or website...
Using LCID &#39;2052&#39;, code page &#39;936&#39;, encoding charset &#39;gb2312&#39;.
Processing Help 1 files in D:\file\program\zhyhub\c\Zhy.Components\Zhy.Components.Tree\Doc\Help\CHM\Working\Output\HtmlHelp1
Processed 58 HTML files.  Sorting keywords and generating See Also indices.
Saving HTML Help 1 keyword index to D:\file\program\zhyhub\c\Zhy.Components\Zhy.Components.Tree\Doc\Help\CHM\Working\Output\HtmlHelp1\Zhy.Components.Tree.Documentation.hhk
Saving HTML Help 1 table of contents to D:\file\program\zhyhub\c\Zhy.Components\Zhy.Components.Tree\Doc\Help\CHM\Working\Output\HtmlHelp1\Zhy.Components.Tree.Documentation.hhc
    Last step completed in 00:00:00.0511
</buildStep>
<buildStep step="CopyStandardHelpContent">
Copying standard help content...
D:\software\EWSoftware\Sandcastle Help File Builder\Components\VS2013\icons\AlertCaution.png -&gt; D:\file\program\zhyhub\c\Zhy.Components\Zhy.Components.Tree\Doc\Help\CHM\Working\Output\HtmlHelp1\icons\AlertCaution.png
D:\software\EWSoftware\Sandcastle Help File Builder\Components\VS2013\icons\AlertNote.png -&gt; D:\file\program\zhyhub\c\Zhy.Components\Zhy.Components.Tree\Doc\Help\CHM\Working\Output\HtmlHelp1\icons\AlertNote.png
D:\software\EWSoftware\Sandcastle Help File Builder\Components\VS2013\icons\AlertSecurity.png -&gt; D:\file\program\zhyhub\c\Zhy.Components\Zhy.Components.Tree\Doc\Help\CHM\Working\Output\HtmlHelp1\icons\AlertSecurity.png
D:\software\EWSoftware\Sandcastle Help File Builder\Components\VS2013\icons\CodeExample.png -&gt; D:\file\program\zhyhub\c\Zhy.Components\Zhy.Components.Tree\Doc\Help\CHM\Working\Output\HtmlHelp1\icons\CodeExample.png
D:\software\EWSoftware\Sandcastle Help File Builder\Components\VS2013\icons\favicon.ico -&gt; D:\file\program\zhyhub\c\Zhy.Components\Zhy.Components.Tree\Doc\Help\CHM\Working\Output\HtmlHelp1\icons\favicon.ico
D:\software\EWSoftware\Sandcastle Help File Builder\Components\VS2013\icons\privClass.gif -&gt; D:\file\program\zhyhub\c\Zhy.Components\Zhy.Components.Tree\Doc\Help\CHM\Working\Output\HtmlHelp1\icons\privClass.gif
D:\software\EWSoftware\Sandcastle Help File Builder\Components\VS2013\icons\privDelegate.gif -&gt; D:\file\program\zhyhub\c\Zhy.Components\Zhy.Components.Tree\Doc\Help\CHM\Working\Output\HtmlHelp1\icons\privDelegate.gif
D:\software\EWSoftware\Sandcastle Help File Builder\Components\VS2013\icons\privEnumeration.gif -&gt; D:\file\program\zhyhub\c\Zhy.Components\Zhy.Components.Tree\Doc\Help\CHM\Working\Output\HtmlHelp1\icons\privEnumeration.gif
D:\software\EWSoftware\Sandcastle Help File Builder\Components\VS2013\icons\privEvent.gif -&gt; D:\file\program\zhyhub\c\Zhy.Components\Zhy.Components.Tree\Doc\Help\CHM\Working\Output\HtmlHelp1\icons\privEvent.gif
D:\software\EWSoftware\Sandcastle Help File Builder\Components\VS2013\icons\privExtension.gif -&gt; D:\file\program\zhyhub\c\Zhy.Components\Zhy.Components.Tree\Doc\Help\CHM\Working\Output\HtmlHelp1\icons\privExtension.gif
D:\software\EWSoftware\Sandcastle Help File Builder\Components\VS2013\icons\privField.gif -&gt; D:\file\program\zhyhub\c\Zhy.Components\Zhy.Components.Tree\Doc\Help\CHM\Working\Output\HtmlHelp1\icons\privField.gif
D:\software\EWSoftware\Sandcastle Help File Builder\Components\VS2013\icons\privInterface.gif -&gt; D:\file\program\zhyhub\c\Zhy.Components\Zhy.Components.Tree\Doc\Help\CHM\Working\Output\HtmlHelp1\icons\privInterface.gif
D:\software\EWSoftware\Sandcastle Help File Builder\Components\VS2013\icons\privMethod.gif -&gt; D:\file\program\zhyhub\c\Zhy.Components\Zhy.Components.Tree\Doc\Help\CHM\Working\Output\HtmlHelp1\icons\privMethod.gif
D:\software\EWSoftware\Sandcastle Help File Builder\Components\VS2013\icons\privProperty.gif -&gt; D:\file\program\zhyhub\c\Zhy.Components\Zhy.Components.Tree\Doc\Help\CHM\Working\Output\HtmlHelp1\icons\privProperty.gif
D:\software\EWSoftware\Sandcastle Help File Builder\Components\VS2013\icons\privStructure.gif -&gt; D:\file\program\zhyhub\c\Zhy.Components\Zhy.Components.Tree\Doc\Help\CHM\Working\Output\HtmlHelp1\icons\privStructure.gif
D:\software\EWSoftware\Sandcastle Help File Builder\Components\VS2013\icons\protClass.gif -&gt; D:\file\program\zhyhub\c\Zhy.Components\Zhy.Components.Tree\Doc\Help\CHM\Working\Output\HtmlHelp1\icons\protClass.gif
D:\software\EWSoftware\Sandcastle Help File Builder\Components\VS2013\icons\protDelegate.gif -&gt; D:\file\program\zhyhub\c\Zhy.Components\Zhy.Components.Tree\Doc\Help\CHM\Working\Output\HtmlHelp1\icons\protDelegate.gif
D:\software\EWSoftware\Sandcastle Help File Builder\Components\VS2013\icons\protEnumeration.gif -&gt; D:\file\program\zhyhub\c\Zhy.Components\Zhy.Components.Tree\Doc\Help\CHM\Working\Output\HtmlHelp1\icons\protEnumeration.gif
D:\software\EWSoftware\Sandcastle Help File Builder\Components\VS2013\icons\protEvent.gif -&gt; D:\file\program\zhyhub\c\Zhy.Components\Zhy.Components.Tree\Doc\Help\CHM\Working\Output\HtmlHelp1\icons\protEvent.gif
D:\software\EWSoftware\Sandcastle Help File Builder\Components\VS2013\icons\protExtension.gif -&gt; D:\file\program\zhyhub\c\Zhy.Components\Zhy.Components.Tree\Doc\Help\CHM\Working\Output\HtmlHelp1\icons\protExtension.gif
D:\software\EWSoftware\Sandcastle Help File Builder\Components\VS2013\icons\protField.gif -&gt; D:\file\program\zhyhub\c\Zhy.Components\Zhy.Components.Tree\Doc\Help\CHM\Working\Output\HtmlHelp1\icons\protField.gif
D:\software\EWSoftware\Sandcastle Help File Builder\Components\VS2013\icons\protInterface.gif -&gt; D:\file\program\zhyhub\c\Zhy.Components\Zhy.Components.Tree\Doc\Help\CHM\Working\Output\HtmlHelp1\icons\protInterface.gif
D:\software\EWSoftware\Sandcastle Help File Builder\Components\VS2013\icons\protMethod.gif -&gt; D:\file\program\zhyhub\c\Zhy.Components\Zhy.Components.Tree\Doc\Help\CHM\Working\Output\HtmlHelp1\icons\protMethod.gif
D:\software\EWSoftware\Sandcastle Help File Builder\Components\VS2013\icons\protOperator.gif -&gt; D:\file\program\zhyhub\c\Zhy.Components\Zhy.Components.Tree\Doc\Help\CHM\Working\Output\HtmlHelp1\icons\protOperator.gif
D:\software\EWSoftware\Sandcastle Help File Builder\Components\VS2013\icons\protProperty.gif -&gt; D:\file\program\zhyhub\c\Zhy.Components\Zhy.Components.Tree\Doc\Help\CHM\Working\Output\HtmlHelp1\icons\protProperty.gif
D:\software\EWSoftware\Sandcastle Help File Builder\Components\VS2013\icons\protStructure.gif -&gt; D:\file\program\zhyhub\c\Zhy.Components\Zhy.Components.Tree\Doc\Help\CHM\Working\Output\HtmlHelp1\icons\protStructure.gif
D:\software\EWSoftware\Sandcastle Help File Builder\Components\VS2013\icons\pubClass.gif -&gt; D:\file\program\zhyhub\c\Zhy.Components\Zhy.Components.Tree\Doc\Help\CHM\Working\Output\HtmlHelp1\icons\pubClass.gif
D:\software\EWSoftware\Sandcastle Help File Builder\Components\VS2013\icons\pubDelegate.gif -&gt; D:\file\program\zhyhub\c\Zhy.Components\Zhy.Components.Tree\Doc\Help\CHM\Working\Output\HtmlHelp1\icons\pubDelegate.gif
D:\software\EWSoftware\Sandcastle Help File Builder\Components\VS2013\icons\pubEnumeration.gif -&gt; D:\file\program\zhyhub\c\Zhy.Components\Zhy.Components.Tree\Doc\Help\CHM\Working\Output\HtmlHelp1\icons\pubEnumeration.gif
D:\software\EWSoftware\Sandcastle Help File Builder\Components\VS2013\icons\pubEvent.gif -&gt; D:\file\program\zhyhub\c\Zhy.Components\Zhy.Components.Tree\Doc\Help\CHM\Working\Output\HtmlHelp1\icons\pubEvent.gif
D:\software\EWSoftware\Sandcastle Help File Builder\Components\VS2013\icons\pubExtension.gif -&gt; D:\file\program\zhyhub\c\Zhy.Components\Zhy.Components.Tree\Doc\Help\CHM\Working\Output\HtmlHelp1\icons\pubExtension.gif
D:\software\EWSoftware\Sandcastle Help File Builder\Components\VS2013\icons\pubField.gif -&gt; D:\file\program\zhyhub\c\Zhy.Components\Zhy.Components.Tree\Doc\Help\CHM\Working\Output\HtmlHelp1\icons\pubField.gif
D:\software\EWSoftware\Sandcastle Help File Builder\Components\VS2013\icons\pubInterface.gif -&gt; D:\file\program\zhyhub\c\Zhy.Components\Zhy.Components.Tree\Doc\Help\CHM\Working\Output\HtmlHelp1\icons\pubInterface.gif
D:\software\EWSoftware\Sandcastle Help File Builder\Components\VS2013\icons\pubMethod.gif -&gt; D:\file\program\zhyhub\c\Zhy.Components\Zhy.Components.Tree\Doc\Help\CHM\Working\Output\HtmlHelp1\icons\pubMethod.gif
D:\software\EWSoftware\Sandcastle Help File Builder\Components\VS2013\icons\pubOperator.gif -&gt; D:\file\program\zhyhub\c\Zhy.Components\Zhy.Components.Tree\Doc\Help\CHM\Working\Output\HtmlHelp1\icons\pubOperator.gif
D:\software\EWSoftware\Sandcastle Help File Builder\Components\VS2013\icons\pubProperty.gif -&gt; D:\file\program\zhyhub\c\Zhy.Components\Zhy.Components.Tree\Doc\Help\CHM\Working\Output\HtmlHelp1\icons\pubProperty.gif
D:\software\EWSoftware\Sandcastle Help File Builder\Components\VS2013\icons\pubStructure.gif -&gt; D:\file\program\zhyhub\c\Zhy.Components\Zhy.Components.Tree\Doc\Help\CHM\Working\Output\HtmlHelp1\icons\pubStructure.gif
D:\software\EWSoftware\Sandcastle Help File Builder\Components\VS2013\icons\SectionCollapsed.png -&gt; D:\file\program\zhyhub\c\Zhy.Components\Zhy.Components.Tree\Doc\Help\CHM\Working\Output\HtmlHelp1\icons\SectionCollapsed.png
D:\software\EWSoftware\Sandcastle Help File Builder\Components\VS2013\icons\SectionExpanded.png -&gt; D:\file\program\zhyhub\c\Zhy.Components\Zhy.Components.Tree\Doc\Help\CHM\Working\Output\HtmlHelp1\icons\SectionExpanded.png
D:\software\EWSoftware\Sandcastle Help File Builder\Components\VS2013\icons\Static.gif -&gt; D:\file\program\zhyhub\c\Zhy.Components\Zhy.Components.Tree\Doc\Help\CHM\Working\Output\HtmlHelp1\icons\Static.gif
D:\software\EWSoftware\Sandcastle Help File Builder\Components\VS2013\scripts\branding.js -&gt; D:\file\program\zhyhub\c\Zhy.Components\Zhy.Components.Tree\Doc\Help\CHM\Working\Output\HtmlHelp1\scripts\branding.js
D:\software\EWSoftware\Sandcastle Help File Builder\Components\VS2013\styles\branding-cs-CZ.css -&gt; D:\file\program\zhyhub\c\Zhy.Components\Zhy.Components.Tree\Doc\Help\CHM\Working\Output\HtmlHelp1\styles\branding-cs-CZ.css
D:\software\EWSoftware\Sandcastle Help File Builder\Components\VS2013\styles\branding-de-DE.css -&gt; D:\file\program\zhyhub\c\Zhy.Components\Zhy.Components.Tree\Doc\Help\CHM\Working\Output\HtmlHelp1\styles\branding-de-DE.css
D:\software\EWSoftware\Sandcastle Help File Builder\Components\VS2013\styles\branding-en-US.css -&gt; D:\file\program\zhyhub\c\Zhy.Components\Zhy.Components.Tree\Doc\Help\CHM\Working\Output\HtmlHelp1\styles\branding-en-US.css
D:\software\EWSoftware\Sandcastle Help File Builder\Components\VS2013\styles\branding-es-ES.css -&gt; D:\file\program\zhyhub\c\Zhy.Components\Zhy.Components.Tree\Doc\Help\CHM\Working\Output\HtmlHelp1\styles\branding-es-ES.css
D:\software\EWSoftware\Sandcastle Help File Builder\Components\VS2013\styles\branding-fr-FR.css -&gt; D:\file\program\zhyhub\c\Zhy.Components\Zhy.Components.Tree\Doc\Help\CHM\Working\Output\HtmlHelp1\styles\branding-fr-FR.css
D:\software\EWSoftware\Sandcastle Help File Builder\Components\VS2013\styles\branding-Help1.css -&gt; D:\file\program\zhyhub\c\Zhy.Components\Zhy.Components.Tree\Doc\Help\CHM\Working\Output\HtmlHelp1\styles\branding-Help1.css
D:\software\EWSoftware\Sandcastle Help File Builder\Components\VS2013\styles\branding-HelpViewer.css -&gt; D:\file\program\zhyhub\c\Zhy.Components\Zhy.Components.Tree\Doc\Help\CHM\Working\Output\HtmlHelp1\styles\branding-HelpViewer.css
D:\software\EWSoftware\Sandcastle Help File Builder\Components\VS2013\styles\branding-it-IT.css -&gt; D:\file\program\zhyhub\c\Zhy.Components\Zhy.Components.Tree\Doc\Help\CHM\Working\Output\HtmlHelp1\styles\branding-it-IT.css
D:\software\EWSoftware\Sandcastle Help File Builder\Components\VS2013\styles\branding-ja-JP.css -&gt; D:\file\program\zhyhub\c\Zhy.Components\Zhy.Components.Tree\Doc\Help\CHM\Working\Output\HtmlHelp1\styles\branding-ja-JP.css
D:\software\EWSoftware\Sandcastle Help File Builder\Components\VS2013\styles\branding-ko-KR.css -&gt; D:\file\program\zhyhub\c\Zhy.Components\Zhy.Components.Tree\Doc\Help\CHM\Working\Output\HtmlHelp1\styles\branding-ko-KR.css
D:\software\EWSoftware\Sandcastle Help File Builder\Components\VS2013\styles\branding-pl-PL.css -&gt; D:\file\program\zhyhub\c\Zhy.Components\Zhy.Components.Tree\Doc\Help\CHM\Working\Output\HtmlHelp1\styles\branding-pl-PL.css
D:\software\EWSoftware\Sandcastle Help File Builder\Components\VS2013\styles\branding-pt-BR.css -&gt; D:\file\program\zhyhub\c\Zhy.Components\Zhy.Components.Tree\Doc\Help\CHM\Working\Output\HtmlHelp1\styles\branding-pt-BR.css
D:\software\EWSoftware\Sandcastle Help File Builder\Components\VS2013\styles\branding-ru-RU.css -&gt; D:\file\program\zhyhub\c\Zhy.Components\Zhy.Components.Tree\Doc\Help\CHM\Working\Output\HtmlHelp1\styles\branding-ru-RU.css
D:\software\EWSoftware\Sandcastle Help File Builder\Components\VS2013\styles\branding-tr-TR.css -&gt; D:\file\program\zhyhub\c\Zhy.Components\Zhy.Components.Tree\Doc\Help\CHM\Working\Output\HtmlHelp1\styles\branding-tr-TR.css
D:\software\EWSoftware\Sandcastle Help File Builder\Components\VS2013\styles\branding-Website.css -&gt; D:\file\program\zhyhub\c\Zhy.Components\Zhy.Components.Tree\Doc\Help\CHM\Working\Output\HtmlHelp1\styles\branding-Website.css
D:\software\EWSoftware\Sandcastle Help File Builder\Components\VS2013\styles\branding-zh-CN.css -&gt; D:\file\program\zhyhub\c\Zhy.Components\Zhy.Components.Tree\Doc\Help\CHM\Working\Output\HtmlHelp1\styles\branding-zh-CN.css
D:\software\EWSoftware\Sandcastle Help File Builder\Components\VS2013\styles\branding-zh-TW.css -&gt; D:\file\program\zhyhub\c\Zhy.Components\Zhy.Components.Tree\Doc\Help\CHM\Working\Output\HtmlHelp1\styles\branding-zh-TW.css
D:\software\EWSoftware\Sandcastle Help File Builder\Components\VS2013\styles\branding.css -&gt; D:\file\program\zhyhub\c\Zhy.Components\Zhy.Components.Tree\Doc\Help\CHM\Working\Output\HtmlHelp1\styles\branding.css
    Last step completed in 00:00:00.0718
</buildStep>
<buildStep step="GenerateHelpProject">
Generating HTML Help 1 project file...
    Last step completed in 00:00:00.0040
</buildStep>
<buildStep step="CompilingHelpFile">
Compiling HTML Help 1 file...
[D:\software\Microsoft Visual Studio\2022\Professional\MSBuild\Current\Bin\amd64\MSBuild.exe - Build1xHelpFile.proj]

  Microsoft HTML Help Compiler 4.74.8702
  
  
  
  Compiling d:\file\program\zhyhub\c\Zhy.Components\Zhy.Components.Tree\Doc\Help\CHM\Working\Output\HtmlHelp1\Zhy.Components.Tree.Documentation.chm
  
  
  
  
  
  Compile time: 0 minutes, 0 seconds
  
  60	Topics
  
  590	Local links
  
  0	Internet links
  
  0	Graphics
  
  
  
  
  
  Created d:\file\program\zhyhub\c\Zhy.Components\Zhy.Components.Tree\Doc\Help\CHM\Working\Output\HtmlHelp1\Zhy.Components.Tree.Documentation.chm, 102,574 bytes
  
  Compression decreased file by 449,904 bytes.
  
    Last step completed in 00:00:01.5885
</buildStep>
<buildStep step="CleanIntermediates">
Removing intermediate files...
    Last step completed in 00:00:00.0448
</buildStep>
<buildStep step="Completed">

Build completed successfully at 2024/2/22 10:28:56.  Total time: 00:00:08.0334

</buildStep>
</shfbBuild>
